mode: count
github.com\johnmcdnl\go-chess\chess\queen.go:9.51,17.2 7 13
github.com\johnmcdnl\go-chess\chess\queen.go:19.43,21.2 1 0
github.com\johnmcdnl\go-chess\chess\queen.go:23.35,25.2 1 15
github.com\johnmcdnl\go-chess\chess\queen.go:27.38,29.2 1 12
github.com\johnmcdnl\go-chess\chess\queen.go:31.46,38.26 4 0
github.com\johnmcdnl\go-chess\chess\queen.go:52.2,52.26 1 0
github.com\johnmcdnl\go-chess\chess\queen.go:67.2,67.26 1 0
github.com\johnmcdnl\go-chess\chess\queen.go:80.2,80.26 1 0
github.com\johnmcdnl\go-chess\chess\queen.go:93.2,93.53 1 0
github.com\johnmcdnl\go-chess\chess\queen.go:104.2,104.53 1 0
github.com\johnmcdnl\go-chess\chess\queen.go:116.2,116.53 1 0
github.com\johnmcdnl\go-chess\chess\queen.go:127.2,127.53 1 0
github.com\johnmcdnl\go-chess\chess\queen.go:137.2,137.14 1 0
github.com\johnmcdnl\go-chess\chess\queen.go:38.26,39.39 1 0
github.com\johnmcdnl\go-chess\chess\queen.go:39.39,41.54 2 0
github.com\johnmcdnl\go-chess\chess\queen.go:45.4,45.29 1 0
github.com\johnmcdnl\go-chess\chess\queen.go:41.54,44.5 1 0
github.com\johnmcdnl\go-chess\chess\queen.go:45.29,46.10 1 0
github.com\johnmcdnl\go-chess\chess\queen.go:52.26,53.39 1 0
github.com\johnmcdnl\go-chess\chess\queen.go:53.39,55.54 2 0
github.com\johnmcdnl\go-chess\chess\queen.go:59.4,59.29 1 0
github.com\johnmcdnl\go-chess\chess\queen.go:55.54,58.5 1 0
github.com\johnmcdnl\go-chess\chess\queen.go:59.29,60.10 1 0
github.com\johnmcdnl\go-chess\chess\queen.go:67.26,68.39 1 0
github.com\johnmcdnl\go-chess\chess\queen.go:68.39,70.54 2 0
github.com\johnmcdnl\go-chess\chess\queen.go:73.4,73.29 1 0
github.com\johnmcdnl\go-chess\chess\queen.go:70.54,72.5 1 0
github.com\johnmcdnl\go-chess\chess\queen.go:73.29,74.10 1 0
github.com\johnmcdnl\go-chess\chess\queen.go:80.26,81.39 1 0
github.com\johnmcdnl\go-chess\chess\queen.go:81.39,83.54 2 0
github.com\johnmcdnl\go-chess\chess\queen.go:86.4,86.29 1 0
github.com\johnmcdnl\go-chess\chess\queen.go:83.54,85.5 1 0
github.com\johnmcdnl\go-chess\chess\queen.go:86.29,87.10 1 0
github.com\johnmcdnl\go-chess\chess\queen.go:93.53,95.53 2 0
github.com\johnmcdnl\go-chess\chess\queen.go:98.3,98.28 1 0
github.com\johnmcdnl\go-chess\chess\queen.go:95.53,97.4 1 0
github.com\johnmcdnl\go-chess\chess\queen.go:98.28,99.9 1 0
github.com\johnmcdnl\go-chess\chess\queen.go:104.53,106.53 2 0
github.com\johnmcdnl\go-chess\chess\queen.go:109.3,109.28 1 0
github.com\johnmcdnl\go-chess\chess\queen.go:106.53,108.4 1 0
github.com\johnmcdnl\go-chess\chess\queen.go:109.28,110.9 1 0
github.com\johnmcdnl\go-chess\chess\queen.go:116.53,118.53 2 0
github.com\johnmcdnl\go-chess\chess\queen.go:121.3,121.28 1 0
github.com\johnmcdnl\go-chess\chess\queen.go:118.53,120.4 1 0
github.com\johnmcdnl\go-chess\chess\queen.go:121.28,122.9 1 0
github.com\johnmcdnl\go-chess\chess\queen.go:127.53,129.53 2 0
github.com\johnmcdnl\go-chess\chess\queen.go:132.3,132.28 1 0
github.com\johnmcdnl\go-chess\chess\queen.go:129.53,131.4 1 0
github.com\johnmcdnl\go-chess\chess\queen.go:132.28,133.9 1 0
github.com\johnmcdnl\go-chess\chess\bishop.go:11.53,19.2 7 19
github.com\johnmcdnl\go-chess\chess\bishop.go:21.49,23.2 1 64
github.com\johnmcdnl\go-chess\chess\bishop.go:25.41,27.2 1 28
github.com\johnmcdnl\go-chess\chess\bishop.go:29.44,31.2 1 86
github.com\johnmcdnl\go-chess\chess\bishop.go:33.56,40.26 4 7
github.com\johnmcdnl\go-chess\chess\bishop.go:54.2,54.26 1 7
github.com\johnmcdnl\go-chess\chess\bishop.go:69.2,69.26 1 7
github.com\johnmcdnl\go-chess\chess\bishop.go:82.2,82.26 1 7
github.com\johnmcdnl\go-chess\chess\bishop.go:94.2,94.14 1 7
github.com\johnmcdnl\go-chess\chess\bishop.go:40.26,41.39 1 29
github.com\johnmcdnl\go-chess\chess\bishop.go:41.39,43.59 2 21
github.com\johnmcdnl\go-chess\chess\bishop.go:47.4,47.29 1 21
github.com\johnmcdnl\go-chess\chess\bishop.go:43.59,46.5 1 18
github.com\johnmcdnl\go-chess\chess\bishop.go:47.29,48.10 1 4
github.com\johnmcdnl\go-chess\chess\bishop.go:54.26,55.39 1 29
github.com\johnmcdnl\go-chess\chess\bishop.go:55.39,57.59 2 10
github.com\johnmcdnl\go-chess\chess\bishop.go:61.4,61.29 1 10
github.com\johnmcdnl\go-chess\chess\bishop.go:57.59,60.5 1 8
github.com\johnmcdnl\go-chess\chess\bishop.go:61.29,62.10 1 4
github.com\johnmcdnl\go-chess\chess\bishop.go:69.26,70.39 1 42
github.com\johnmcdnl\go-chess\chess\bishop.go:70.39,72.59 2 11
github.com\johnmcdnl\go-chess\chess\bishop.go:75.4,75.29 1 11
github.com\johnmcdnl\go-chess\chess\bishop.go:72.59,74.5 1 10
github.com\johnmcdnl\go-chess\chess\bishop.go:75.29,76.10 1 2
github.com\johnmcdnl\go-chess\chess\bishop.go:82.26,83.39 1 42
github.com\johnmcdnl\go-chess\chess\bishop.go:83.39,85.59 2 8
github.com\johnmcdnl\go-chess\chess\bishop.go:88.4,88.29 1 8
github.com\johnmcdnl\go-chess\chess\bishop.go:85.59,87.5 1 7
github.com\johnmcdnl\go-chess\chess\bishop.go:88.29,89.10 1 2
github.com\johnmcdnl\go-chess\chess\board.go:23.38,26.38 2 0
github.com\johnmcdnl\go-chess\chess\board.go:29.2,40.16 6 0
github.com\johnmcdnl\go-chess\chess\board.go:26.38,28.3 1 0
github.com\johnmcdnl\go-chess\chess\board.go:43.33,46.38 2 0
github.com\johnmcdnl\go-chess\chess\board.go:49.2,49.59 1 0
github.com\johnmcdnl\go-chess\chess\board.go:53.2,53.16 1 0
github.com\johnmcdnl\go-chess\chess\board.go:46.38,48.3 1 0
github.com\johnmcdnl\go-chess\chess\board.go:49.59,51.3 1 0
github.com\johnmcdnl\go-chess\chess\board.go:56.40,59.38 2 19
github.com\johnmcdnl\go-chess\chess\board.go:62.2,62.43 1 19
github.com\johnmcdnl\go-chess\chess\board.go:66.2,66.16 1 19
github.com\johnmcdnl\go-chess\chess\board.go:59.38,61.3 1 0
github.com\johnmcdnl\go-chess\chess\board.go:62.43,64.3 1 0
github.com\johnmcdnl\go-chess\chess\board.go:69.47,70.39 1 19
github.com\johnmcdnl\go-chess\chess\board.go:79.2,79.12 1 19
github.com\johnmcdnl\go-chess\chess\board.go:70.39,71.40 1 152
github.com\johnmcdnl\go-chess\chess\board.go:71.40,73.18 2 1216
github.com\johnmcdnl\go-chess\chess\board.go:76.4,76.36 1 1216
github.com\johnmcdnl\go-chess\chess\board.go:73.18,75.5 1 0
github.com\johnmcdnl\go-chess\chess\board.go:82.42,83.18 1 19
github.com\johnmcdnl\go-chess\chess\board.go:86.2,87.12 2 19
github.com\johnmcdnl\go-chess\chess\board.go:83.18,85.3 1 0
github.com\johnmcdnl\go-chess\chess\board.go:90.51,91.30 1 269
github.com\johnmcdnl\go-chess\chess\board.go:97.2,97.12 1 15
github.com\johnmcdnl\go-chess\chess\board.go:91.30,92.39 1 8861
github.com\johnmcdnl\go-chess\chess\board.go:92.39,94.4 1 254
github.com\johnmcdnl\go-chess\chess\board.go:100.24,121.2 18 0
github.com\johnmcdnl\go-chess\chess\board.go:123.27,124.27 1 0
github.com\johnmcdnl\go-chess\chess\board.go:127.2,127.36 1 0
github.com\johnmcdnl\go-chess\chess\board.go:166.2,166.14 1 0
github.com\johnmcdnl\go-chess\chess\board.go:124.27,126.3 1 0
github.com\johnmcdnl\go-chess\chess\board.go:128.16,129.43 1 0
github.com\johnmcdnl\go-chess\chess\board.go:134.17,135.43 1 0
github.com\johnmcdnl\go-chess\chess\board.go:140.16,141.43 1 0
github.com\johnmcdnl\go-chess\chess\board.go:146.18,147.43 1 0
github.com\johnmcdnl\go-chess\chess\board.go:152.18,153.43 1 0
github.com\johnmcdnl\go-chess\chess\board.go:158.16,159.43 1 0
github.com\johnmcdnl\go-chess\chess\board.go:129.43,131.4 1 0
github.com\johnmcdnl\go-chess\chess\board.go:131.4,133.4 1 0
github.com\johnmcdnl\go-chess\chess\board.go:135.43,137.4 1 0
github.com\johnmcdnl\go-chess\chess\board.go:137.4,139.4 1 0
github.com\johnmcdnl\go-chess\chess\board.go:141.43,143.4 1 0
github.com\johnmcdnl\go-chess\chess\board.go:143.4,145.4 1 0
github.com\johnmcdnl\go-chess\chess\board.go:147.43,149.4 1 0
github.com\johnmcdnl\go-chess\chess\board.go:149.4,151.4 1 0
github.com\johnmcdnl\go-chess\chess\board.go:153.43,155.4 1 0
github.com\johnmcdnl\go-chess\chess\board.go:155.4,157.4 1 0
github.com\johnmcdnl\go-chess\chess\board.go:159.43,161.4 1 0
github.com\johnmcdnl\go-chess\chess\board.go:161.4,163.4 1 0
github.com\johnmcdnl\go-chess\chess\fen.go:14.28,17.2 2 0
github.com\johnmcdnl\go-chess\chess\fen.go:19.30,22.2 1 26
github.com\johnmcdnl\go-chess\chess\fen.go:24.30,30.24 5 19
github.com\johnmcdnl\go-chess\chess\fen.go:42.2,42.31 1 19
github.com\johnmcdnl\go-chess\chess\fen.go:48.2,51.61 3 19
github.com\johnmcdnl\go-chess\chess\fen.go:101.2,103.27 2 19
github.com\johnmcdnl\go-chess\chess\fen.go:113.2,119.39 2 19
github.com\johnmcdnl\go-chess\chess\fen.go:138.2,142.30 2 19
github.com\johnmcdnl\go-chess\chess\fen.go:172.2,173.55 2 19
github.com\johnmcdnl\go-chess\chess\fen.go:30.24,31.13 1 152
github.com\johnmcdnl\go-chess\chess\fen.go:39.3,39.53 1 133
github.com\johnmcdnl\go-chess\chess\fen.go:31.13,37.12 6 19
github.com\johnmcdnl\go-chess\chess\fen.go:42.31,44.36 2 19
github.com\johnmcdnl\go-chess\chess\fen.go:44.36,46.4 1 76
github.com\johnmcdnl\go-chess\chess\fen.go:51.61,56.50 3 152
github.com\johnmcdnl\go-chess\chess\fen.go:56.50,59.18 2 325
github.com\johnmcdnl\go-chess\chess\fen.go:95.4,95.16 1 325
github.com\johnmcdnl\go-chess\chess\fen.go:59.18,62.5 2 186
github.com\johnmcdnl\go-chess\chess\fen.go:62.5,65.24 3 139
github.com\johnmcdnl\go-chess\chess\fen.go:92.5,93.17 2 139
github.com\johnmcdnl\go-chess\chess\fen.go:66.14,67.30 1 8
github.com\johnmcdnl\go-chess\chess\fen.go:68.14,69.31 1 4
github.com\johnmcdnl\go-chess\chess\fen.go:70.14,71.30 1 5
github.com\johnmcdnl\go-chess\chess\fen.go:72.14,73.32 1 11
github.com\johnmcdnl\go-chess\chess\fen.go:74.14,75.32 1 12
github.com\johnmcdnl\go-chess\chess\fen.go:76.14,77.30 1 26
github.com\johnmcdnl\go-chess\chess\fen.go:79.14,80.30 1 9
github.com\johnmcdnl\go-chess\chess\fen.go:81.14,82.31 1 9
github.com\johnmcdnl\go-chess\chess\fen.go:83.14,84.30 1 7
github.com\johnmcdnl\go-chess\chess\fen.go:85.14,86.32 1 8
github.com\johnmcdnl\go-chess\chess\fen.go:87.14,88.32 1 6
github.com\johnmcdnl\go-chess\chess\fen.go:89.14,90.30 1 34
github.com\johnmcdnl\go-chess\chess\fen.go:104.10,105.25 1 0
github.com\johnmcdnl\go-chess\chess\fen.go:106.11,107.24 1 19
github.com\johnmcdnl\go-chess\chess\fen.go:108.11,109.24 1 0
github.com\johnmcdnl\go-chess\chess\fen.go:119.39,120.21 1 40
github.com\johnmcdnl\go-chess\chess\fen.go:121.11,122.36 1 0
github.com\johnmcdnl\go-chess\chess\fen.go:123.12,127.50 4 12
github.com\johnmcdnl\go-chess\chess\fen.go:128.12,129.48 1 7
github.com\johnmcdnl\go-chess\chess\fen.go:130.12,131.49 1 7
github.com\johnmcdnl\go-chess\chess\fen.go:132.12,133.48 1 7
github.com\johnmcdnl\go-chess\chess\fen.go:134.12,135.49 1 7
github.com\johnmcdnl\go-chess\chess\fen.go:142.30,144.3 1 19
github.com\johnmcdnl\go-chess\chess\fen.go:144.3,149.51 3 0
github.com\johnmcdnl\go-chess\chess\fen.go:150.11,151.20 1 0
github.com\johnmcdnl\go-chess\chess\fen.go:152.12,153.53 1 0
github.com\johnmcdnl\go-chess\chess\fen.go:154.12,155.53 1 0
github.com\johnmcdnl\go-chess\chess\fen.go:156.12,157.53 1 0
github.com\johnmcdnl\go-chess\chess\fen.go:158.12,159.53 1 0
github.com\johnmcdnl\go-chess\chess\fen.go:160.12,161.53 1 0
github.com\johnmcdnl\go-chess\chess\fen.go:162.12,163.53 1 0
github.com\johnmcdnl\go-chess\chess\fen.go:164.12,165.53 1 0
github.com\johnmcdnl\go-chess\chess\fen.go:166.12,167.53 1 0
github.com\johnmcdnl\go-chess\chess\king.go:9.49,17.2 7 17
github.com\johnmcdnl\go-chess\chess\king.go:19.42,21.2 1 0
github.com\johnmcdnl\go-chess\chess\king.go:23.34,25.2 1 2
github.com\johnmcdnl\go-chess\chess\king.go:27.37,29.2 1 2
github.com\johnmcdnl\go-chess\chess\king.go:31.45,34.122 2 0
github.com\johnmcdnl\go-chess\chess\king.go:37.2,37.122 1 0
github.com\johnmcdnl\go-chess\chess\king.go:40.2,40.122 1 0
github.com\johnmcdnl\go-chess\chess\king.go:44.2,44.118 1 0
github.com\johnmcdnl\go-chess\chess\king.go:47.2,47.118 1 0
github.com\johnmcdnl\go-chess\chess\king.go:51.2,51.122 1 0
github.com\johnmcdnl\go-chess\chess\king.go:54.2,54.122 1 0
github.com\johnmcdnl\go-chess\chess\king.go:57.2,57.122 1 0
github.com\johnmcdnl\go-chess\chess\king.go:60.2,60.14 1 0
github.com\johnmcdnl\go-chess\chess\king.go:34.122,36.3 1 0
github.com\johnmcdnl\go-chess\chess\king.go:37.122,39.3 1 0
github.com\johnmcdnl\go-chess\chess\king.go:40.122,42.3 1 0
github.com\johnmcdnl\go-chess\chess\king.go:44.118,46.3 1 0
github.com\johnmcdnl\go-chess\chess\king.go:47.118,49.3 1 0
github.com\johnmcdnl\go-chess\chess\king.go:51.122,53.3 1 0
github.com\johnmcdnl\go-chess\chess\king.go:54.122,56.3 1 0
github.com\johnmcdnl\go-chess\chess\king.go:57.122,59.3 1 0
github.com\johnmcdnl\go-chess\chess\knight.go:11.53,19.2 7 25
github.com\johnmcdnl\go-chess\chess\knight.go:21.44,23.2 1 168
github.com\johnmcdnl\go-chess\chess\knight.go:25.36,27.2 1 75
github.com\johnmcdnl\go-chess\chess\knight.go:29.39,31.2 1 83
github.com\johnmcdnl\go-chess\chess\knight.go:34.47,38.122 2 7
github.com\johnmcdnl\go-chess\chess\knight.go:41.2,41.122 1 7
github.com\johnmcdnl\go-chess\chess\knight.go:44.2,44.122 1 7
github.com\johnmcdnl\go-chess\chess\knight.go:47.2,47.122 1 7
github.com\johnmcdnl\go-chess\chess\knight.go:50.2,50.122 1 7
github.com\johnmcdnl\go-chess\chess\knight.go:53.2,53.122 1 7
github.com\johnmcdnl\go-chess\chess\knight.go:56.2,56.122 1 7
github.com\johnmcdnl\go-chess\chess\knight.go:59.2,59.122 1 7
github.com\johnmcdnl\go-chess\chess\knight.go:63.2,63.14 1 7
github.com\johnmcdnl\go-chess\chess\knight.go:38.122,40.3 1 6
github.com\johnmcdnl\go-chess\chess\knight.go:41.122,43.3 1 5
github.com\johnmcdnl\go-chess\chess\knight.go:44.122,46.3 1 6
github.com\johnmcdnl\go-chess\chess\knight.go:47.122,49.3 1 4
github.com\johnmcdnl\go-chess\chess\knight.go:50.122,52.3 1 6
github.com\johnmcdnl\go-chess\chess\knight.go:53.122,55.3 1 4
github.com\johnmcdnl\go-chess\chess\knight.go:56.122,58.3 1 4
github.com\johnmcdnl\go-chess\chess\knight.go:59.122,61.3 1 4
github.com\johnmcdnl\go-chess\chess\move.go:14.49,16.41 1 106
github.com\johnmcdnl\go-chess\chess\move.go:19.2,23.18 4 91
github.com\johnmcdnl\go-chess\chess\move.go:27.2,27.11 1 82
github.com\johnmcdnl\go-chess\chess\move.go:16.41,18.3 1 15
github.com\johnmcdnl\go-chess\chess\move.go:23.18,25.3 1 9
github.com\johnmcdnl\go-chess\chess\move.go:30.33,32.2 1 0
github.com\johnmcdnl\go-chess\chess\move.go:34.32,36.34 1 169
github.com\johnmcdnl\go-chess\chess\move.go:40.2,41.43 2 169
github.com\johnmcdnl\go-chess\chess\move.go:59.2,60.25 2 169
github.com\johnmcdnl\go-chess\chess\move.go:63.2,63.132 1 169
github.com\johnmcdnl\go-chess\chess\move.go:36.34,38.3 1 0
github.com\johnmcdnl\go-chess\chess\move.go:42.10,43.17 1 0
github.com\johnmcdnl\go-chess\chess\move.go:44.16,45.22 1 0
github.com\johnmcdnl\go-chess\chess\move.go:46.17,47.22 1 3
github.com\johnmcdnl\go-chess\chess\move.go:48.16,49.22 1 0
github.com\johnmcdnl\go-chess\chess\move.go:50.18,51.22 1 86
github.com\johnmcdnl\go-chess\chess\move.go:52.18,53.22 1 80
github.com\johnmcdnl\go-chess\chess\move.go:54.16,55.32 1 0
github.com\johnmcdnl\go-chess\chess\move.go:60.25,62.3 1 47
github.com\johnmcdnl\go-chess\chess\move.go:66.36,67.36 1 169
github.com\johnmcdnl\go-chess\chess\move.go:70.2,70.82 1 47
github.com\johnmcdnl\go-chess\chess\move.go:74.2,74.53 1 47
github.com\johnmcdnl\go-chess\chess\move.go:78.2,78.36 1 47
github.com\johnmcdnl\go-chess\chess\move.go:81.2,81.37 1 0
github.com\johnmcdnl\go-chess\chess\move.go:82.2,82.14 1 0
github.com\johnmcdnl\go-chess\chess\move.go:67.36,69.3 1 122
github.com\johnmcdnl\go-chess\chess\move.go:70.82,72.3 1 0
github.com\johnmcdnl\go-chess\chess\move.go:74.53,76.3 1 0
github.com\johnmcdnl\go-chess\chess\move.go:78.36,80.3 1 47
github.com\johnmcdnl\go-chess\chess\move.go:85.31,87.39 1 91
github.com\johnmcdnl\go-chess\chess\move.go:91.2,91.83 1 31
github.com\johnmcdnl\go-chess\chess\move.go:95.2,95.56 1 24
github.com\johnmcdnl\go-chess\chess\move.go:99.2,99.83 1 22
github.com\johnmcdnl\go-chess\chess\move.go:103.2,103.13 1 0
github.com\johnmcdnl\go-chess\chess\move.go:87.39,89.3 1 60
github.com\johnmcdnl\go-chess\chess\move.go:91.83,93.3 1 7
github.com\johnmcdnl\go-chess\chess\move.go:95.56,97.3 1 2
github.com\johnmcdnl\go-chess\chess\move.go:99.83,101.3 1 22
github.com\johnmcdnl\go-chess\chess\move.go:106.24,108.2 0 0
github.com\johnmcdnl\go-chess\chess\pawn.go:9.49,17.2 7 60
github.com\johnmcdnl\go-chess\chess\pawn.go:19.42,21.2 1 0
github.com\johnmcdnl\go-chess\chess\pawn.go:23.34,25.2 1 75
github.com\johnmcdnl\go-chess\chess\pawn.go:27.37,29.2 1 54
github.com\johnmcdnl\go-chess\chess\pawn.go:31.45,35.2 2 0
github.com\johnmcdnl\go-chess\chess\rook.go:9.49,19.2 8 12
github.com\johnmcdnl\go-chess\chess\rook.go:21.41,23.2 1 0
github.com\johnmcdnl\go-chess\chess\rook.go:25.34,27.2 1 5
github.com\johnmcdnl\go-chess\chess\rook.go:29.37,31.2 1 3
github.com\johnmcdnl\go-chess\chess\rook.go:33.45,37.53 2 0
github.com\johnmcdnl\go-chess\chess\rook.go:48.2,48.53 1 0
github.com\johnmcdnl\go-chess\chess\rook.go:60.2,60.53 1 0
github.com\johnmcdnl\go-chess\chess\rook.go:71.2,71.53 1 0
github.com\johnmcdnl\go-chess\chess\rook.go:81.2,81.14 1 0
github.com\johnmcdnl\go-chess\chess\rook.go:37.53,39.53 2 0
github.com\johnmcdnl\go-chess\chess\rook.go:42.3,42.28 1 0
github.com\johnmcdnl\go-chess\chess\rook.go:39.53,41.4 1 0
github.com\johnmcdnl\go-chess\chess\rook.go:42.28,43.9 1 0
github.com\johnmcdnl\go-chess\chess\rook.go:48.53,50.53 2 0
github.com\johnmcdnl\go-chess\chess\rook.go:53.3,53.28 1 0
github.com\johnmcdnl\go-chess\chess\rook.go:50.53,52.4 1 0
github.com\johnmcdnl\go-chess\chess\rook.go:53.28,54.9 1 0
github.com\johnmcdnl\go-chess\chess\rook.go:60.53,62.53 2 0
github.com\johnmcdnl\go-chess\chess\rook.go:65.3,65.28 1 0
github.com\johnmcdnl\go-chess\chess\rook.go:62.53,64.4 1 0
github.com\johnmcdnl\go-chess\chess\rook.go:65.28,66.9 1 0
github.com\johnmcdnl\go-chess\chess\rook.go:71.53,73.53 2 0
github.com\johnmcdnl\go-chess\chess\rook.go:76.3,76.28 1 0
github.com\johnmcdnl\go-chess\chess\rook.go:73.53,75.4 1 0
github.com\johnmcdnl\go-chess\chess\rook.go:76.28,77.9 1 0
github.com\johnmcdnl\go-chess\chess\square.go:27.49,32.2 4 1216
github.com\johnmcdnl\go-chess\chess\square.go:34.36,36.2 1 151
github.com\johnmcdnl\go-chess\chess\square.go:38.38,41.16 2 0
github.com\johnmcdnl\go-chess\chess\square.go:52.2,54.12 2 0
github.com\johnmcdnl\go-chess\chess\square.go:42.9,42.20 1 0
github.com\johnmcdnl\go-chess\chess\square.go:43.9,43.19 1 0
github.com\johnmcdnl\go-chess\chess\square.go:44.9,44.19 1 0
github.com\johnmcdnl\go-chess\chess\square.go:45.9,45.19 1 0
github.com\johnmcdnl\go-chess\chess\square.go:46.9,46.19 1 0
github.com\johnmcdnl\go-chess\chess\square.go:47.9,47.19 1 0
github.com\johnmcdnl\go-chess\chess\square.go:48.9,48.19 1 0
github.com\johnmcdnl\go-chess\chess\square.go:49.9,49.19 1 0
github.com\johnmcdnl\go-chess\chess\square.go:57.31,60.16 2 338
github.com\johnmcdnl\go-chess\chess\square.go:71.2,73.12 2 338
github.com\johnmcdnl\go-chess\chess\square.go:61.9,61.20 1 32
github.com\johnmcdnl\go-chess\chess\square.go:62.9,62.19 1 47
github.com\johnmcdnl\go-chess\chess\square.go:63.9,63.19 1 52
github.com\johnmcdnl\go-chess\chess\square.go:64.9,64.19 1 53
github.com\johnmcdnl\go-chess\chess\square.go:65.9,65.19 1 92
github.com\johnmcdnl\go-chess\chess\square.go:66.9,66.19 1 30
github.com\johnmcdnl\go-chess\chess\square.go:67.9,67.19 1 22
github.com\johnmcdnl\go-chess\chess\square.go:68.9,68.19 1 10
